[2025-05-05T16:40:01.825Z] INFO: 📦 SQLite DB loaded from /mnt/c/Users/Anonymous/Desktop/Personal/Projects/SySpectrum/syspectrum.db
[2025-05-05T16:40:02.891Z] INFO: [VALIDATE] Validation rules attached (2 rules)
[2025-05-05T16:40:02.893Z] INFO: [VALIDATE] Validation rules attached (2 rules)
[2025-05-05T16:40:02.893Z] INFO: [VALIDATE] Validation rules attached (2 rules)
[2025-05-05T16:40:02.898Z] INFO: [VALIDATE] Validation rules attached (3 rules)
[2025-05-05T16:40:02.898Z] INFO: [VALIDATE] Validation rules attached (1 rules)
[2025-05-05T16:40:02.898Z] INFO: [VALIDATE] Validation rules attached (1 rules)
[2025-05-05T16:40:02.899Z] INFO: [VALIDATE] Validation rules attached (2 rules)
[2025-05-05T16:40:03.183Z] INFO: [VALIDATE] Validation rules attached (2 rules)
[2025-05-05T16:40:03.184Z] INFO: [VALIDATE] Validation rules attached (3 rules)
[2025-05-05T16:40:03.185Z] INFO: [VALIDATE] Validation rules attached (2 rules)
[2025-05-05T16:40:03.191Z] INFO: [VALIDATE] Validation rules attached (1 rules)
[2025-05-05T16:40:03.191Z] INFO: [VALIDATE] Validation rules attached (1 rules)
[2025-05-05T16:40:03.199Z] INFO: 🚀 Running database migrations...
[2025-05-05T16:40:03.261Z] INFO: ✅ Tables created from schema.sql
[2025-05-05T16:40:03.323Z] INFO: ✅ Default admin user created (username: admin, password: admin123)
[2025-05-05T16:40:03.324Z] INFO: ✅ Database migrations completed successfully!
[2025-05-05T16:40:03.324Z] INFO: ✅ Migrations completed
[2025-05-05T16:40:03.325Z] INFO: 🧠 Syspectrum backend running on port 8080
[2025-05-05T16:40:10.790Z] INFO: [REQ] POST /api/agents/register
[2025-05-05T16:40:10.792Z] INFO: [VALIDATE] Validation passed (rules applied)
[2025-05-05T16:40:10.805Z] INFO: 🎕 Agent registered and pending: DESKTOP-TBUNGH6 → agent_1746463210793_86417
[2025-05-05T16:40:10.812Z] INFO: [REQ] GET /api/agents/claim?hostname=DESKTOP-TBUNGH6
[2025-05-05T16:40:10.813Z] INFO: [VALIDATE] Validation passed (rules applied)
[2025-05-05T16:40:22.961Z] INFO: [REQ] POST /api/users/login
[2025-05-05T16:40:22.962Z] INFO: [VALIDATE] Validation passed (rules applied)
[2025-05-05T16:40:22.962Z] INFO: [POST /login] Login attempt started
[2025-05-05T16:40:23.012Z] INFO: [POST /login] Login successful for username: admin
[2025-05-05T16:40:25.825Z] INFO: [REQ] GET /api/agents/claim?hostname=DESKTOP-TBUNGH6
[2025-05-05T16:40:25.826Z] INFO: [VALIDATE] Validation passed (rules applied)
[2025-05-05T16:40:26.117Z] INFO: [REQ] PATCH /api/agents/DESKTOP-TBUNGH6
[2025-05-05T16:40:26.119Z] INFO: [VALIDATE] Validation passed (rules applied)
[2025-05-05T16:40:26.133Z] INFO: ✏️ Agent updated via hostname: DESKTOP-TBUNGH6
[2025-05-05T16:40:40.842Z] INFO: [REQ] GET /api/agents/claim?hostname=DESKTOP-TBUNGH6
[2025-05-05T16:40:40.842Z] INFO: [VALIDATE] Validation passed (rules applied)
[2025-05-05T16:40:45.857Z] INFO: [REQ] POST /api/heartbeat
[2025-05-05T16:40:51.071Z] INFO: [REQ] POST /api/heartbeat
[2025-05-05T16:40:56.075Z] INFO: [REQ] POST /api/heartbeat
[2025-05-05T16:41:01.043Z] INFO: [REQ] POST /api/telemetry
[2025-05-05T16:41:01.044Z] INFO: [VALIDATE] Validation passed (rules applied)
[2025-05-05T16:41:01.044Z] INFO: [POST /telemetry] Receiving telemetry from hostname: DESKTOP-TBUNGH6
[2025-05-05T16:41:01.045Z] ERROR: ❌ Failed to insert telemetry: Too few parameter values were provided
[2025-05-05T16:41:01.045Z] ERROR: [POST /telemetry] Error inserting telemetry Too few parameter values were provided
[2025-05-05T16:41:01.075Z] INFO: [REQ] POST /api/heartbeat
[2025-05-05T16:41:06.076Z] INFO: [REQ] POST /api/heartbeat
